<?xml version="1.0" encoding="UTF-8"?>
<testsuite xmlns:xsi="http://www.w3.org/2001/XMLSchema-instance" xsi:noNamespaceSchemaLocation="https://maven.apache.org/surefire/maven-surefire-plugin/xsd/surefire-test-report-3.0.xsd" version="3.0" name="in.pwskills.nitin.main.AppTest" time="0.048" tests="2" errors="0" skipped="0" failures="0">
  <properties>
[...]
</properties>
  <testcase name="testwithPositiveNumber" classname="in.pwskills.nitin.main.AppTest" time="0.01"/>
  <testcase name="testSumWithMixedNumber" classname="in.pwskills.nitin.main.AppTest" time="0.0"/>
</testsuite>